2025-04-18 17:30:24.425 +01 [6176] ERREUR:  n'a pas pu sérialiser un accès à cause d'une mise à jour en parallèle
2025-04-18 17:30:24.425 +01 [6176] INSTRUCTION :  
	            WITH last_cron_progress AS (
	                SELECT id as progress_id, cron_id, timed_out_counter, done, remaining
	                FROM ir_cron_progress
	                WHERE cron_id = 3
	                ORDER BY id DESC
	                LIMIT 1
	            )
	            SELECT *
	            FROM ir_cron
	            LEFT JOIN last_cron_progress lcp ON lcp.cron_id = ir_cron.id
	            WHERE ir_cron.active = true
	              AND (nextcall <= (now() at time zone 'UTC')
	                OR EXISTS (
	                    SELECT cron_id
	                    FROM ir_cron_trigger
	                    WHERE call_at <= (now() at time zone 'UTC')
	                      AND cron_id = ir_cron.id
	                )
	              )
	              AND id = 3
	            ORDER BY priority
	            FOR NO KEY UPDATE SKIP LOCKED
	        
